Determining if the pthread_create exist failed with the following output:
Change Dir: /home/uav1/ego+ctrl/ego_planner/Fast-Drone-250/build/CMakeFiles/CMakeTmp

Run Build Command:"/usr/bin/make" "cmTC_a01ee/fast"
/usr/bin/make -f CMakeFiles/cmTC_a01ee.dir/build.make CMakeFiles/cmTC_a01ee.dir/build
make[1]: 进入目录“/home/uav1/ego+ctrl/ego_planner/Fast-Drone-250/build/CMakeFiles/CMakeTmp”
Building C object CMakeFiles/cmTC_a01ee.dir/CheckSymbolExists.c.o
/usr/bin/cc    -o CMakeFiles/cmTC_a01ee.dir/CheckSymbolExists.c.o   -c /home/uav1/ego+ctrl/ego_planner/Fast-Drone-250/build/CMakeFiles/CMakeTmp/CheckSymbolExists.c
Linking C executable cmTC_a01ee
/usr/bin/cmake -E cmake_link_script CMakeFiles/cmTC_a01ee.dir/link.txt --verbose=1
/usr/bin/cc      -rdynamic CMakeFiles/cmTC_a01ee.dir/CheckSymbolExists.c.o  -o cmTC_a01ee 
CMakeFiles/cmTC_a01ee.dir/CheckSymbolExists.c.o：在函数‘main’中：
CheckSymbolExists.c:(.text+0x1b)：对‘pthread_create’未定义的引用
collect2: error: ld returned 1 exit status
CMakeFiles/cmTC_a01ee.dir/build.make:97: recipe for target 'cmTC_a01ee' failed
make[1]: *** [cmTC_a01ee] Error 1
make[1]: 离开目录“/home/uav1/ego+ctrl/ego_planner/Fast-Drone-250/build/CMakeFiles/CMakeTmp”
Makefile:126: recipe for target 'cmTC_a01ee/fast' failed
make: *** [cmTC_a01ee/fast] Error 2

File /home/uav1/ego+ctrl/ego_planner/Fast-Drone-250/build/CMakeFiles/CMakeTmp/CheckSymbolExists.c:
/* */
#include <pthread.h>

int main(int argc, char** argv)
{
  (void)argv;
#ifndef pthread_create
  return ((int*)(&pthread_create))[argc];
#else
  (void)argc;
  return 0;
#endif
}

Determining if the function pthread_create exists in the pthreads failed with the following output:
Change Dir: /home/uav1/ego+ctrl/ego_planner/Fast-Drone-250/build/CMakeFiles/CMakeTmp

Run Build Command:"/usr/bin/make" "cmTC_649ee/fast"
/usr/bin/make -f CMakeFiles/cmTC_649ee.dir/build.make CMakeFiles/cmTC_649ee.dir/build
make[1]: 进入目录“/home/uav1/ego+ctrl/ego_planner/Fast-Drone-250/build/CMakeFiles/CMakeTmp”
Building C object CMakeFiles/cmTC_649ee.dir/CheckFunctionExists.c.o
/usr/bin/cc   -DCHECK_FUNCTION_EXISTS=pthread_create   -o CMakeFiles/cmTC_649ee.dir/CheckFunctionExists.c.o   -c /usr/share/cmake-3.10/Modules/CheckFunctionExists.c
Linking C executable cmTC_649ee
/usr/bin/cmake -E cmake_link_script CMakeFiles/cmTC_649ee.dir/link.txt --verbose=1
/usr/bin/cc  -DCHECK_FUNCTION_EXISTS=pthread_create    -rdynamic CMakeFiles/cmTC_649ee.dir/CheckFunctionExists.c.o  -o cmTC_649ee -lpthreads 
/usr/bin/ld: 找不到 -lpthreads
collect2: error: ld returned 1 exit status
CMakeFiles/cmTC_649ee.dir/build.make:97: recipe for target 'cmTC_649ee' failed
make[1]: *** [cmTC_649ee] Error 1
make[1]: 离开目录“/home/uav1/ego+ctrl/ego_planner/Fast-Drone-250/build/CMakeFiles/CMakeTmp”
Makefile:126: recipe for target 'cmTC_649ee/fast' failed
make: *** [cmTC_649ee/fast] Error 2


