Determining if the pthread_create exist failed with the following output:
Change Dir: /home/uav1/ego+ctrl/ctrl_rgo_ws/cxr_ego_ctrl/build/quadrotor_msgs/CMakeFiles/CMakeTmp

Run Build Command:"/usr/bin/make" "cmTC_41b4c/fast"
/usr/bin/make -f CMakeFiles/cmTC_41b4c.dir/build.make CMakeFiles/cmTC_41b4c.dir/build
make[1]: 进入目录“/home/uav1/ego+ctrl/ctrl_rgo_ws/cxr_ego_ctrl/build/quadrotor_msgs/CMakeFiles/CMakeTmp”
Building C object CMakeFiles/cmTC_41b4c.dir/CheckSymbolExists.c.o
/usr/bin/cc    -o CMakeFiles/cmTC_41b4c.dir/CheckSymbolExists.c.o   -c /home/uav1/ego+ctrl/ctrl_rgo_ws/cxr_ego_ctrl/build/quadrotor_msgs/CMakeFiles/CMakeTmp/CheckSymbolExists.c
Linking C executable cmTC_41b4c
/usr/bin/cmake -E cmake_link_script CMakeFiles/cmTC_41b4c.dir/link.txt --verbose=1
/usr/bin/cc      -rdynamic CMakeFiles/cmTC_41b4c.dir/CheckSymbolExists.c.o  -o cmTC_41b4c 
CMakeFiles/cmTC_41b4c.dir/CheckSymbolExists.c.o：在函数‘main’中：
CheckSymbolExists.c:(.text+0x1b)：对‘pthread_create’未定义的引用
collect2: error: ld returned 1 exit status
CMakeFiles/cmTC_41b4c.dir/build.make:97: recipe for target 'cmTC_41b4c' failed
make[1]: *** [cmTC_41b4c] Error 1
make[1]: 离开目录“/home/uav1/ego+ctrl/ctrl_rgo_ws/cxr_ego_ctrl/build/quadrotor_msgs/CMakeFiles/CMakeTmp”
Makefile:126: recipe for target 'cmTC_41b4c/fast' failed
make: *** [cmTC_41b4c/fast] Error 2

File /home/uav1/ego+ctrl/ctrl_rgo_ws/cxr_ego_ctrl/build/quadrotor_msgs/CMakeFiles/CMakeTmp/CheckSymbolExists.c:
/* */
#include <pthread.h>

int main(int argc, char** argv)
{
  (void)argv;
#ifndef pthread_create
  return ((int*)(&pthread_create))[argc];
#else
  (void)argc;
  return 0;
#endif
}

Determining if the function pthread_create exists in the pthreads failed with the following output:
Change Dir: /home/uav1/ego+ctrl/ctrl_rgo_ws/cxr_ego_ctrl/build/quadrotor_msgs/CMakeFiles/CMakeTmp

Run Build Command:"/usr/bin/make" "cmTC_9c071/fast"
/usr/bin/make -f CMakeFiles/cmTC_9c071.dir/build.make CMakeFiles/cmTC_9c071.dir/build
make[1]: 进入目录“/home/uav1/ego+ctrl/ctrl_rgo_ws/cxr_ego_ctrl/build/quadrotor_msgs/CMakeFiles/CMakeTmp”
Building C object CMakeFiles/cmTC_9c071.dir/CheckFunctionExists.c.o
/usr/bin/cc   -DCHECK_FUNCTION_EXISTS=pthread_create   -o CMakeFiles/cmTC_9c071.dir/CheckFunctionExists.c.o   -c /usr/share/cmake-3.10/Modules/CheckFunctionExists.c
Linking C executable cmTC_9c071
/usr/bin/cmake -E cmake_link_script CMakeFiles/cmTC_9c071.dir/link.txt --verbose=1
/usr/bin/cc  -DCHECK_FUNCTION_EXISTS=pthread_create    -rdynamic CMakeFiles/cmTC_9c071.dir/CheckFunctionExists.c.o  -o cmTC_9c071 -lpthreads 
/usr/bin/ld: 找不到 -lpthreads
collect2: error: ld returned 1 exit status
CMakeFiles/cmTC_9c071.dir/build.make:97: recipe for target 'cmTC_9c071' failed
make[1]: *** [cmTC_9c071] Error 1
make[1]: 离开目录“/home/uav1/ego+ctrl/ctrl_rgo_ws/cxr_ego_ctrl/build/quadrotor_msgs/CMakeFiles/CMakeTmp”
Makefile:126: recipe for target 'cmTC_9c071/fast' failed
make: *** [cmTC_9c071/fast] Error 2


