Determining if the pthread_create exist failed with the following output:
Change Dir: /home/uav1/ego+ctrl/ctrl_rgo_ws/cxr_ego_ctrl/build/catkin_tools_prebuild/CMakeFiles/CMakeTmp

Run Build Command:"/usr/bin/make" "cmTC_2c3fd/fast"
/usr/bin/make -f CMakeFiles/cmTC_2c3fd.dir/build.make CMakeFiles/cmTC_2c3fd.dir/build
make[1]: 进入目录“/home/uav1/ego+ctrl/ctrl_rgo_ws/cxr_ego_ctrl/build/catkin_tools_prebuild/CMakeFiles/CMakeTmp”
Building C object CMakeFiles/cmTC_2c3fd.dir/CheckSymbolExists.c.o
/usr/bin/cc    -o CMakeFiles/cmTC_2c3fd.dir/CheckSymbolExists.c.o   -c /home/uav1/ego+ctrl/ctrl_rgo_ws/cxr_ego_ctrl/build/catkin_tools_prebuild/CMakeFiles/CMakeTmp/CheckSymbolExists.c
Linking C executable cmTC_2c3fd
/usr/bin/cmake -E cmake_link_script CMakeFiles/cmTC_2c3fd.dir/link.txt --verbose=1
/usr/bin/cc      -rdynamic CMakeFiles/cmTC_2c3fd.dir/CheckSymbolExists.c.o  -o cmTC_2c3fd 
CMakeFiles/cmTC_2c3fd.dir/CheckSymbolExists.c.o：在函数‘main’中：
CheckSymbolExists.c:(.text+0x1b)：对‘pthread_create’未定义的引用
collect2: error: ld returned 1 exit status
CMakeFiles/cmTC_2c3fd.dir/build.make:97: recipe for target 'cmTC_2c3fd' failed
make[1]: *** [cmTC_2c3fd] Error 1
make[1]: 离开目录“/home/uav1/ego+ctrl/ctrl_rgo_ws/cxr_ego_ctrl/build/catkin_tools_prebuild/CMakeFiles/CMakeTmp”
Makefile:126: recipe for target 'cmTC_2c3fd/fast' failed
make: *** [cmTC_2c3fd/fast] Error 2

File /home/uav1/ego+ctrl/ctrl_rgo_ws/cxr_ego_ctrl/build/catkin_tools_prebuild/CMakeFiles/CMakeTmp/CheckSymbolExists.c:
/* */
#include <pthread.h>

int main(int argc, char** argv)
{
  (void)argv;
#ifndef pthread_create
  return ((int*)(&pthread_create))[argc];
#else
  (void)argc;
  return 0;
#endif
}

Determining if the function pthread_create exists in the pthreads failed with the following output:
Change Dir: /home/uav1/ego+ctrl/ctrl_rgo_ws/cxr_ego_ctrl/build/catkin_tools_prebuild/CMakeFiles/CMakeTmp

Run Build Command:"/usr/bin/make" "cmTC_1febd/fast"
/usr/bin/make -f CMakeFiles/cmTC_1febd.dir/build.make CMakeFiles/cmTC_1febd.dir/build
make[1]: 进入目录“/home/uav1/ego+ctrl/ctrl_rgo_ws/cxr_ego_ctrl/build/catkin_tools_prebuild/CMakeFiles/CMakeTmp”
Building C object CMakeFiles/cmTC_1febd.dir/CheckFunctionExists.c.o
/usr/bin/cc   -DCHECK_FUNCTION_EXISTS=pthread_create   -o CMakeFiles/cmTC_1febd.dir/CheckFunctionExists.c.o   -c /usr/share/cmake-3.10/Modules/CheckFunctionExists.c
Linking C executable cmTC_1febd
/usr/bin/cmake -E cmake_link_script CMakeFiles/cmTC_1febd.dir/link.txt --verbose=1
/usr/bin/cc  -DCHECK_FUNCTION_EXISTS=pthread_create    -rdynamic CMakeFiles/cmTC_1febd.dir/CheckFunctionExists.c.o  -o cmTC_1febd -lpthreads 
/usr/bin/ld: 找不到 -lpthreads
collect2: error: ld returned 1 exit status
CMakeFiles/cmTC_1febd.dir/build.make:97: recipe for target 'cmTC_1febd' failed
make[1]: *** [cmTC_1febd] Error 1
make[1]: 离开目录“/home/uav1/ego+ctrl/ctrl_rgo_ws/cxr_ego_ctrl/build/catkin_tools_prebuild/CMakeFiles/CMakeTmp”
Makefile:126: recipe for target 'cmTC_1febd/fast' failed
make: *** [cmTC_1febd/fast] Error 2


